<?xml version="1.0" encoding="UTF-8"?>
<testsuite xmlns:xsi="http://www.w3.org/2001/XMLSchema-instance" xsi:noNamespaceSchemaLocation="https://maven.apache.org/surefire/maven-surefire-plugin/xsd/surefire-test-report.xsd" version="3.0.2" name="com.crypto.Sha3Test" time="3.944" tests="6" errors="0" skipped="0" failures="0">
  <properties>
[...]
</properties>
  <testcase name="testVector1" classname="com.crypto.Sha3Test" time="0.209"/>
  <testcase name="testVector2" classname="com.crypto.Sha3Test" time="0.008"/>
  <testcase name="testVector3" classname="com.crypto.Sha3Test" time="0.0"/>
  <testcase name="testVector4" classname="com.crypto.Sha3Test" time="0.0"/>
  <testcase name="testVector5" classname="com.crypto.Sha3Test" time="0.034"/>
  <testcase name="testVector6" classname="com.crypto.Sha3Test" time="3.657"/>
</testsuite>